start_time	end_time	elapsed_time	question_name	database_name	pages
2020-07-31 15:27:47	2020-07-31 15:27:49	1.645	测试当前	py_test	None
2020-07-31 15:31:31	2020-07-31 15:31:33	1.634	测试当前	py_test	None
2020-07-31 15:32:00	2020-07-31 15:32:02	1.688	测试当前	py_test	None
2020-07-31 15:33:49	2020-07-31 15:33:50	1.392	测试当前	py_test	None
2020-07-31 15:36:14	2020-07-31 15:36:16	1.699	测试当前	py_test	None
2020-07-31 15:38:55	2020-07-31 15:38:57	1.74	测试当前	py_test	None
2020-07-31 15:39:20	2020-07-31 15:39:22	1.537	测试当前	py_test	None
2020-07-31 15:39:57	2020-07-31 15:39:58	1.521	测试当前	py_test	None
2020-07-31 15:40:31	2020-07-31 15:40:32	1.472	测试当前	py_test	None
2020-07-31 15:41:02	2020-07-31 15:41:04	1.537	测试当前	py_test	None
2020-07-31 15:44:54	2020-07-31 15:44:55	1.696	测试当前	py_test	None
2020-07-31 15:45:22	2020-07-31 15:45:24	2.188	测试当前	py_test	1~1
2020-07-31 15:46:18	2020-07-31 15:46:20	2.554	测试当前	py_test	1~1
2020-07-31 15:47:48	2020-07-31 15:47:49	1.544	测试当前	py_test	None
2020-07-31 15:47:55	2020-07-31 15:47:58	2.083	测试当前	py_test	1~1
2020-07-31 15:51:36	2020-07-31 15:51:38	2.081	测试当前	py_test	1~1
2020-07-31 15:53:21	2020-07-31 15:53:23	2.048	测试当前	py_test	1~1
2020-07-31 15:54:37	2020-07-31 15:54:39	1.985	测试当前	py_test	1~1
2020-07-31 15:55:13	2020-07-31 15:55:15	1.89	测试当前	py_test	1~1
2020-07-31 16:00:13	2020-07-31 16:00:15	2.197	测试当前	py_test	1~1
2020-07-31 16:02:16	2020-07-31 16:02:17	1.949	测试当前	py_test	1~1
2020-07-31 16:02:51	2020-07-31 16:02:53	2.008	测试当前	py_test	1~1
2020-07-31 16:06:21	2020-07-31 16:06:23	1.996	测试当前	py_test	1~1
2020-07-31 16:25:37	2020-07-31 16:25:39	2.162	测试当前	py_test	1~1
2020-07-31 16:26:33	2020-07-31 16:26:35	1.95	测试当前	py_test	1~1
2020-07-31 16:28:06	2020-07-31 16:28:08	1.885	测试当前	py_test	1~1
2020-07-31 16:29:46	2020-07-31 16:29:48	2.073	测试当前	py_test	1~1
2020-07-31 16:32:49	2020-07-31 16:32:51	2.206	测试当前	py_test	1~1
2020-07-31 16:33:07	2020-07-31 16:33:09	1.98	测试当前	py_test	1~1
2020-07-31 16:35:54	2020-07-31 16:35:56	2.239	测试当前	py_test	1~1
2020-07-31 16:39:22	2020-07-31 16:39:24	1.993	测试当前	py_test	1~1
2020-07-31 16:39:53	2020-07-31 16:39:55	2.16	测试当前	py_test	1~1
2020-07-31 16:42:12	2020-07-31 16:42:16	4.072	测试当前	py_test	1~1
2020-07-31 16:42:44	2020-07-31 16:42:48	4.469	测试当前	py_test	1~1
2020-07-31 16:44:03	2020-07-31 16:44:05	2.042	测试当前	py_test	1~1
2020-07-31 16:44:14	2020-07-31 16:44:16	2.174	测试当前	py_test	1~1
2020-07-31 16:46:27	2020-07-31 16:46:29	2.306	测试当前	py_test	1~1
2020-07-31 16:46:49	2020-07-31 16:46:51	2.553	测试当前	py_test	1~1
2020-07-31 16:55:37	2020-07-31 16:55:39	2.027	测试当前	py_test	1~1
2020-07-31 17:09:00	2020-07-31 17:09:03	2.971	测试当前	py_test	1~1
2020-07-31 17:09:24	2020-07-31 17:09:26	2.021	测试当前	py_test	1~1
2020-07-31 17:09:33	2020-07-31 17:09:35	2.287	测试当前	py_test	1~1
2020-07-31 17:09:55	2020-07-31 17:09:58	2.148	测试当前	py_test	1~1
2020-07-31 17:12:44	2020-07-31 17:12:48	3.62	测试当前	py_test	1~1
2020-07-31 17:12:59	2020-07-31 17:13:02	2.304	测试当前	py_test	1~1
2020-07-31 17:13:36	2020-07-31 17:13:38	2.244	测试当前	py_test	1~1
2020-07-31 17:13:51	2020-07-31 17:13:53	2.016	测试当前	py_test	1~1
2020-07-31 17:14:02	2020-07-31 17:14:04	2.041	测试当前	py_test	1~1
2020-07-31 17:14:17	2020-07-31 17:14:19	2.041	测试当前	py_test	1~1
2020-07-31 17:14:35	2020-07-31 17:14:37	1.953	测试当前	py_test	1~1
2020-07-31 17:14:49	2020-07-31 17:14:51	1.834	测试当前	py_test	1~1
2020-07-31 17:15:08	2020-07-31 17:15:10	1.851	测试当前	py_test	1~1
2020-07-31 17:15:17	2020-07-31 17:15:20	2.278	测试当前	py_test	1~1
2020-07-31 17:15:25	2020-07-31 17:15:27	2.046	测试当前	py_test	1~1
2020-07-31 17:16:46	2020-07-31 17:16:48	1.977	测试当前	py_test	1~1
2020-07-31 17:16:54	2020-07-31 17:16:56	2.189	测试当前	py_test	1~1
2020-07-31 17:18:06	2020-07-31 17:18:08	2.042	测试当前	py_test	1~1
2020-07-31 17:24:54	2020-07-31 17:24:56	1.818	测试当前	py_test	1~1
2020-07-31 17:25:05	2020-07-31 17:25:07	1.834	测试当前	py_test	1~1
2020-07-31 17:28:51	2020-07-31 17:28:53	2.099	测试当前	py_test	1~1
2020-07-31 17:29:09	2020-07-31 17:29:11	1.883	测试当前	py_test	1~1
2020-07-31 17:29:27	2020-07-31 17:29:29	2.008	测试当前	py_test	1~1
2020-07-31 17:30:51	2020-07-31 17:30:53	2.407	测试当前	py_test	1~1
2020-07-31 18:16:56	2020-07-31 18:16:58	1.983	测试当前	py_test	1~1
2020-07-31 18:17:30	2020-07-31 18:17:32	1.915	测试当前	py_test	1~1
2020-07-31 18:18:12	2020-07-31 18:18:14	2.256	测试当前	py_test	1~1
2020-07-31 18:18:32	2020-07-31 18:18:34	2.166	测试当前	py_test	1~1
2020-07-31 18:20:57	2020-07-31 18:21:00	2.136	测试当前	py_test	1~1
2020-07-31 18:21:50	2020-07-31 18:21:53	2.069	测试当前	py_test	1~1
2020-07-31 18:22:33	2020-07-31 18:22:35	1.976	测试当前	py_test	1~1
2020-07-31 18:24:30	2020-07-31 18:24:41	11.43	成人高考怎么报名	py_test	1~10
2020-07-31 18:33:19	2020-07-31 18:33:20	0.7545	成人高考怎么报名	py_test	1~1
2020-07-31 18:34:06	2020-07-31 18:34:16	9.79	成人高考怎么报名	py_test	1~10
2020-07-31 18:34:36	2020-07-31 18:34:46	9.972	成人高考怎么报名	py_test	1~10
pipreqs ./
